{"/Users/rprokopov/Library/Mobile Documents/com~apple~CloudDocs/Lections/code/book-store/dto/index.js": {"path":"/Users/rprokopov/Library/Mobile Documents/com~apple~CloudDocs/Lections/code/book-store/dto/index.js","statementMap":{"0":{"start":{"line":1,"column":20},"end":{"line":1,"column":41}},"1":{"start":{"line":3,"column":0},"end":{"line":5,"column":1}}},"fnMap":{},"branchMap":{},"s":{"0":1,"1":1},"f":{},"b":{},"_coverageSchema":"1a1c01bbd47fc00a2c39e90264f33305004495a9","hash":"1e2f5cd5f7c2a1e5479dd2ffc07292401165e94d"}
,"/Users/rprokopov/Library/Mobile Documents/com~apple~CloudDocs/Lections/code/book-store/dto/products/category-list-item.dto.js": {"path":"/Users/rprokopov/Library/Mobile Documents/com~apple~CloudDocs/Lections/code/book-store/dto/products/category-list-item.dto.js","statementMap":{"0":{"start":{"line":2,"column":4},"end":{"line":6,"column":5}},"1":{"start":{"line":9,"column":0},"end":{"line":9,"column":36}}},"fnMap":{"0":{"name":"CategoryListItemDto","decl":{"start":{"line":1,"column":9},"end":{"line":1,"column":28}},"loc":{"start":{"line":1,"column":47},"end":{"line":7,"column":1}},"line":1}},"branchMap":{},"s":{"0":0,"1":1},"f":{"0":0},"b":{},"_coverageSchema":"1a1c01bbd47fc00a2c39e90264f33305004495a9","hash":"4de54ad33982809a7cca14a79e4962a33abb6a88"}
,"/Users/rprokopov/Library/Mobile Documents/com~apple~CloudDocs/Lections/code/book-store/dto/products/index.js": {"path":"/Users/rprokopov/Library/Mobile Documents/com~apple~CloudDocs/Lections/code/book-store/dto/products/index.js","statementMap":{"0":{"start":{"line":1,"column":27},"end":{"line":1,"column":61}},"1":{"start":{"line":2,"column":28},"end":{"line":2,"column":63}},"2":{"start":{"line":4,"column":0},"end":{"line":7,"column":1}}},"fnMap":{},"branchMap":{},"s":{"0":1,"1":1,"2":1},"f":{},"b":{},"_coverageSchema":"1a1c01bbd47fc00a2c39e90264f33305004495a9","hash":"b9075e3f89c3f8b10df43c03520f036296169864"}
,"/Users/rprokopov/Library/Mobile Documents/com~apple~CloudDocs/Lections/code/book-store/dto/products/product-list-item.dto.js": {"path":"/Users/rprokopov/Library/Mobile Documents/com~apple~CloudDocs/Lections/code/book-store/dto/products/product-list-item.dto.js","statementMap":{"0":{"start":{"line":2,"column":4},"end":{"line":8,"column":5}},"1":{"start":{"line":11,"column":0},"end":{"line":11,"column":35}}},"fnMap":{"0":{"name":"ProductListItemDto","decl":{"start":{"line":1,"column":9},"end":{"line":1,"column":27}},"loc":{"start":{"line":1,"column":63},"end":{"line":9,"column":1}},"line":1}},"branchMap":{"0":{"loc":{"start":{"line":7,"column":18},"end":{"line":7,"column":34}},"type":"binary-expr","locations":[{"start":{"line":7,"column":18},"end":{"line":7,"column":26}},{"start":{"line":7,"column":30},"end":{"line":7,"column":34}}],"line":7}},"s":{"0":10,"1":1},"f":{"0":10},"b":{"0":[10,2]},"_coverageSchema":"1a1c01bbd47fc00a2c39e90264f33305004495a9","hash":"7e6f1b533de68d51804dd740f337305cb120a204"}
,"/Users/rprokopov/Library/Mobile Documents/com~apple~CloudDocs/Lections/code/book-store/mappers/index.js": {"path":"/Users/rprokopov/Library/Mobile Documents/com~apple~CloudDocs/Lections/code/book-store/mappers/index.js","statementMap":{"0":{"start":{"line":1,"column":23},"end":{"line":1,"column":44}},"1":{"start":{"line":3,"column":0},"end":{"line":5,"column":1}}},"fnMap":{},"branchMap":{},"s":{"0":1,"1":1},"f":{},"b":{},"_coverageSchema":"1a1c01bbd47fc00a2c39e90264f33305004495a9","hash":"8d2041ac8ccba803742f9b862c930d5ae5da126b"}
,"/Users/rprokopov/Library/Mobile Documents/com~apple~CloudDocs/Lections/code/book-store/mappers/products/index.js": {"path":"/Users/rprokopov/Library/Mobile Documents/com~apple~CloudDocs/Lections/code/book-store/mappers/products/index.js","statementMap":{"0":{"start":{"line":1,"column":40},"end":{"line":1,"column":90}},"1":{"start":{"line":2,"column":41},"end":{"line":2,"column":92}},"2":{"start":{"line":4,"column":0},"end":{"line":7,"column":1}}},"fnMap":{},"branchMap":{},"s":{"0":1,"1":1,"2":1},"f":{},"b":{},"_coverageSchema":"1a1c01bbd47fc00a2c39e90264f33305004495a9","hash":"0fb0a9d2cf8d73bfe2989c989164faa3b0bbca66"}
,"/Users/rprokopov/Library/Mobile Documents/com~apple~CloudDocs/Lections/code/book-store/mappers/products/product-model-to-list-item-dto.mapper.js": {"path":"/Users/rprokopov/Library/Mobile Documents/com~apple~CloudDocs/Lections/code/book-store/mappers/products/product-model-to-list-item-dto.mapper.js","statementMap":{"0":{"start":{"line":1,"column":29},"end":{"line":1,"column":49}},"1":{"start":{"line":2,"column":41},"end":{"line":2,"column":92}},"2":{"start":{"line":5,"column":4},"end":{"line":7,"column":5}},"3":{"start":{"line":6,"column":8},"end":{"line":6,"column":133}},"4":{"start":{"line":9,"column":27},"end":{"line":9,"column":48}},"5":{"start":{"line":11,"column":16},"end":{"line":11,"column":35}},"6":{"start":{"line":13,"column":4},"end":{"line":19,"column":5}},"7":{"start":{"line":14,"column":26},"end":{"line":14,"column":94}},"8":{"start":{"line":14,"column":67},"end":{"line":14,"column":93}},"9":{"start":{"line":16,"column":8},"end":{"line":18,"column":9}},"10":{"start":{"line":17,"column":12},"end":{"line":17,"column":34}},"11":{"start":{"line":21,"column":4},"end":{"line":27,"column":5}},"12":{"start":{"line":30,"column":0},"end":{"line":30,"column":48}}},"fnMap":{"0":{"name":"productModelToListItemDtoMapper","decl":{"start":{"line":4,"column":9},"end":{"line":4,"column":40}},"loc":{"start":{"line":4,"column":67},"end":{"line":28,"column":1}},"line":4},"1":{"name":"(anonymous_1)","decl":{"start":{"line":14,"column":57},"end":{"line":14,"column":58}},"loc":{"start":{"line":14,"column":67},"end":{"line":14,"column":93}},"line":14}},"branchMap":{"0":{"loc":{"start":{"line":4,"column":50},"end":{"line":4,"column":65}},"type":"default-arg","locations":[{"start":{"line":4,"column":61},"end":{"line":4,"column":65}}],"line":4},"1":{"loc":{"start":{"line":5,"column":4},"end":{"line":7,"column":5}},"type":"if","locations":[{"start":{"line":5,"column":4},"end":{"line":7,"column":5}},{"start":{},"end":{}}],"line":5},"2":{"loc":{"start":{"line":5,"column":8},"end":{"line":5,"column":70}},"type":"binary-expr","locations":[{"start":{"line":5,"column":8},"end":{"line":5,"column":40}},{"start":{"line":5,"column":44},"end":{"line":5,"column":70}}],"line":5},"3":{"loc":{"start":{"line":13,"column":4},"end":{"line":19,"column":5}},"type":"if","locations":[{"start":{"line":13,"column":4},"end":{"line":19,"column":5}},{"start":{},"end":{}}],"line":13},"4":{"loc":{"start":{"line":13,"column":8},"end":{"line":13,"column":37}},"type":"binary-expr","locations":[{"start":{"line":13,"column":8},"end":{"line":13,"column":16}},{"start":{"line":13,"column":20},"end":{"line":13,"column":37}}],"line":13},"5":{"loc":{"start":{"line":16,"column":8},"end":{"line":18,"column":9}},"type":"if","locations":[{"start":{"line":16,"column":8},"end":{"line":18,"column":9}},{"start":{},"end":{}}],"line":16},"6":{"loc":{"start":{"line":26,"column":8},"end":{"line":26,"column":94}},"type":"cond-expr","locations":[{"start":{"line":26,"column":27},"end":{"line":26,"column":87}},{"start":{"line":26,"column":90},"end":{"line":26,"column":94}}],"line":26}},"s":{"0":1,"1":1,"2":7,"3":1,"4":6,"5":6,"6":6,"7":4,"8":6,"9":4,"10":3,"11":6,"12":1},"f":{"0":7,"1":6},"b":{"0":[2],"1":[1,6],"2":[7,7],"3":[4,2],"4":[6,5],"5":[3,1],"6":[5,1]},"_coverageSchema":"1a1c01bbd47fc00a2c39e90264f33305004495a9","hash":"17d7092c0daeaf68ca1cd6ba759d4779559c1398"}
}
