TN:
SF:dto/index.js
FNF:0
FNH:0
DA:1,1
DA:3,1
LF:2
LH:2
BRF:0
BRH:0
end_of_record
TN:
SF:dto/products/category-list-item.dto.js
FN:1,CategoryListItemDto
FNF:1
FNH:0
FNDA:0,CategoryListItemDto
DA:2,0
DA:9,1
LF:2
LH:1
BRF:0
BRH:0
end_of_record
TN:
SF:dto/products/index.js
FNF:0
FNH:0
DA:1,1
DA:2,1
DA:4,1
LF:3
LH:3
BRF:0
BRH:0
end_of_record
TN:
SF:dto/products/product-list-item.dto.js
FN:1,ProductListItemDto
FNF:1
FNH:1
FNDA:10,ProductListItemDto
DA:2,10
DA:11,1
LF:2
LH:2
BRDA:7,0,0,10
BRDA:7,0,1,2
BRF:2
BRH:2
end_of_record
TN:
SF:mappers/index.js
FNF:0
FNH:0
DA:1,1
DA:3,1
LF:2
LH:2
BRF:0
BRH:0
end_of_record
TN:
SF:mappers/products/index.js
FNF:0
FNH:0
DA:1,1
DA:2,1
DA:4,1
LF:3
LH:3
BRF:0
BRH:0
end_of_record
TN:
SF:mappers/products/product-model-to-list-item-dto.mapper.js
FN:4,productModelToListItemDtoMapper
FN:14,(anonymous_1)
FNF:2
FNH:2
FNDA:7,productModelToListItemDtoMapper
FNDA:6,(anonymous_1)
DA:1,1
DA:2,1
DA:5,7
DA:6,1
DA:9,6
DA:11,6
DA:13,6
DA:14,6
DA:16,4
DA:17,3
DA:21,6
DA:30,1
LF:12
LH:12
BRDA:4,0,0,2
BRDA:5,1,0,1
BRDA:5,1,1,6
BRDA:5,2,0,7
BRDA:5,2,1,7
BRDA:13,3,0,4
BRDA:13,3,1,2
BRDA:13,4,0,6
BRDA:13,4,1,5
BRDA:16,5,0,3
BRDA:16,5,1,1
BRDA:26,6,0,5
BRDA:26,6,1,1
BRF:13
BRH:13
end_of_record
